{
  "timestamp": "2025-11-13T04:53:14.581Z",
  "issues": [
    {
      "type": "typescript_error",
      "count": 339,
      "issue": "339 erro(s) de TypeScript encontrado(s)",
      "details": [
        ".next/types/validator.ts(495,31): error TS2344: Type 'typeof import(\"F:/GOLFFOX/web-app/app/api/admin/companies/[companyId]/route\")' does not satisfy the constraint 'RouteHandlerConfig<\"/api/admin/companies/[companyId]\">'.\r",
        ".next/types/validator.ts(648,31): error TS2344: Type 'typeof import(\"F:/GOLFFOX/web-app/app/api/admin/trips/[tripId]/route\")' does not satisfy the constraint 'RouteHandlerConfig<\"/api/admin/trips/[tripId]\">'.\r",
        ".next/types/validator.ts(693,31): error TS2344: Type 'typeof import(\"F:/GOLFFOX/web-app/app/api/admin/vehicles/[vehicleId]/route\")' does not satisfy the constraint 'RouteHandlerConfig<\"/api/admin/vehicles/[vehicleId]\">'.\r",
        "    Type '(req: NextRequest, { params }: { params: { vehicleId: string; }; }) => Promise<NextResponse<{ error: string; }>>' is not assignable to type '(request: NextRequest, context: { params: Promise<{ vehicleId: string; }>; }) => void | Response | Promise<void | Response>'.\r",
        "app/admin/ajuda-suporte/page.tsx(7,70): error TS7016: Could not find a declaration file for module 'lucide-react'. 'F:/GOLFFOX/web-app/node_modules/lucide-react/dist/cjs/lucide-react.js' implicitly has an 'any' type.\r",
        "app/admin/alertas/page.tsx(21,8): error TS7016: Could not find a declaration file for module 'lucide-react'. 'F:/GOLFFOX/web-app/node_modules/lucide-react/dist/cjs/lucide-react.js' implicitly has an 'any' type.\r",
        "app/admin/alertas/page.tsx(157,17): error TS2345: Argument of type '{ status: string; resolved_at: string; resolved_by: string; }' is not assignable to parameter of type 'never'.\r",
        "app/admin/alertas/page.tsx(167,43): error TS2769: No overload matches this call.\r",
        "app/admin/alertas/page.tsx(189,17): error TS2345: Argument of type '{ assigned_to: string; }' is not assignable to parameter of type 'never'.\r",
        "app/admin/alertas/page.tsx(415,26): error TS2304: Cannot find name 'Trash2'.\r",
        "app/admin/custos/page.tsx(17,8): error TS7016: Could not find a declaration file for module 'lucide-react'. 'F:/GOLFFOX/web-app/node_modules/lucide-react/dist/cjs/lucide-react.js' implicitly has an 'any' type.\r",
        "app/admin/empresas/page.tsx(7,58): error TS7016: Could not find a declaration file for module 'lucide-react'. 'F:/GOLFFOX/web-app/node_modules/lucide-react/dist/cjs/lucide-react.js' implicitly has an 'any' type.\r",
        "app/admin/mapa/page.tsx(8,24): error TS7016: Could not find a declaration file for module 'lucide-react'. 'F:/GOLFFOX/web-app/node_modules/lucide-react/dist/cjs/lucide-react.js' implicitly has an 'any' type.\r",
        "app/admin/motoristas/page.tsx(7,68): error TS7016: Could not find a declaration file for module 'lucide-react'. 'F:/GOLFFOX/web-app/node_modules/lucide-react/dist/cjs/lucide-react.js' implicitly has an 'any' type.\r",
        "app/admin/motoristas/page.tsx(17,55): error TS7016: Could not find a declaration file for module 'lucide-react'. 'F:/GOLFFOX/web-app/node_modules/lucide-react/dist/cjs/lucide-react.js' implicitly has an 'any' type.\r",
        "app/admin/page.tsx(34,8): error TS7016: Could not find a declaration file for module 'lucide-react'. 'F:/GOLFFOX/web-app/node_modules/lucide-react/dist/cjs/lucide-react.js' implicitly has an 'any' type.\r",
        "app/admin/permissoes/page.tsx(8,87): error TS7016: Could not find a declaration file for module 'lucide-react'. 'F:/GOLFFOX/web-app/node_modules/lucide-react/dist/cjs/lucide-react.js' implicitly has an 'any' type.\r",
        "app/admin/preferences/page.tsx(6,27): error TS7016: Could not find a declaration file for module 'lucide-react'. 'F:/GOLFFOX/web-app/node_modules/lucide-react/dist/cjs/lucide-react.js' implicitly has an 'any' type.\r",
        "app/admin/relatorios/page.tsx(8,111): error TS7016: Could not find a declaration file for module 'lucide-react'. 'F:/GOLFFOX/web-app/node_modules/lucide-react/dist/cjs/lucide-react.js' implicitly has an 'any' type.\r",
        "app/admin/relatorios/page.tsx(30,30): error TS7016: Could not find a declaration file for module 'lucide-react'. 'F:/GOLFFOX/web-app/node_modules/lucide-react/dist/cjs/lucide-react.js' implicitly has an 'any' type.\r",
        "app/admin/relatorios/page.tsx(398,69): error TS2345: Argument of type '{ i18n: { ns: string; key: string; }; }' is not assignable to parameter of type 'string'.\r",
        "app/admin/rotas/rotas-content.tsx(19,8): error TS7016: Could not find a declaration file for module 'lucide-react'. 'F:/GOLFFOX/web-app/node_modules/lucide-react/dist/cjs/lucide-react.js' implicitly has an 'any' type.\r",
        "app/admin/rotas/route-create-modal.tsx(35,8): error TS7016: Could not find a declaration file for module 'lucide-react'. 'F:/GOLFFOX/web-app/node_modules/lucide-react/dist/cjs/lucide-react.js' implicitly has an 'any' type.\r",
        "app/admin/socorro/page.tsx(8,115): error TS7016: Could not find a declaration file for module 'lucide-react'. 'F:/GOLFFOX/web-app/node_modules/lucide-react/dist/cjs/lucide-react.js' implicitly has an 'any' type.\r",
        "app/admin/socorro/page.tsx(289,67): error TS2769: No overload matches this call.\r",
        "app/admin/socorro/page.tsx(315,39): error TS2345: Argument of type '{ status: string; resolved_at: string; }' is not assignable to parameter of type 'never'.\r",
        "app/admin/veiculos/page.tsx(9,90): error TS7016: Could not find a declaration file for module 'lucide-react'. 'F:/GOLFFOX/web-app/node_modules/lucide-react/dist/cjs/lucide-react.js' implicitly has an 'any' type.\r",
        "app/api/admin/create-operator/route.ts(253,75): error TS2551: Property 'catch' does not exist on type 'PostgrestFilterBuilder<any, any, any, null, \"companies\", unknown, \"DELETE\">'. Did you mean 'match'?\r",
        "app/api/admin/seed-cost-categories/route.ts(2,10): error TS2305: Module '\"@/lib/supabase-server\"' has no exported member 'getSupabaseAdmin'.\r",
        "app/api/admin/trips/route.ts(78,9): error TS2345: Argument of type 'PostgrestFilterBuilder<any, any, any, { id: any; }[], \"routes\", unknown, \"GET\">' is not assignable to parameter of type 'readonly any[]'.\r",
        "app/api/admin/vehicles/[vehicleId]/route.ts(73,17): error TS2345: Argument of type '{ is_active: boolean; }' is not assignable to parameter of type 'never'.\r",
        "app/api/admin/vehicles/[vehicleId]/route.ts(123,19): error TS2345: Argument of type '{ is_active: boolean; }' is not assignable to parameter of type 'never'.\r",
        "app/api/admin/vehicles/[vehicleId]/route.ts(184,15): error TS2345: Argument of type 'Record<string, unknown>' is not assignable to parameter of type 'never'.\r",
        "app/api/admin/vehicles/route.ts(80,39): error TS2339: Property 'id' does not exist on type 'never'.\r",
        "app/api/admin/vehicles/route.ts(96,41): error TS2339: Property 'id' does not exist on type 'never'.\r",
        "app/api/auth/login/route.ts(59,34): error TS2339: Property 'get' does not exist on type 'Promise<ReadonlyRequestCookies>'.\r",
        "app/api/auth/login/route.ts(229,15): error TS18049: 'existingUser' is possibly 'null' or 'undefined'.\r",
        "app/api/costs/budgets/route.ts(175,26): error TS2345: Argument of type 'string | null' is not assignable to parameter of type '{}'.\r",
        "app/api/costs/budgets/route.ts(183,17): error TS2345: Argument of type '{ amount_budgeted: number; notes: string | null | undefined; updated_at: string; }' is not assignable to parameter of type 'never'.\r",
        "app/api/costs/budgets/route.ts(188,28): error TS2339: Property 'id' does not exist on type 'never'.\r",
        "app/api/costs/budgets/route.ts(211,10): error TS2769: No overload matches this call.\r",
        "app/api/costs/budgets/route.ts(286,83): error TS2339: Property 'company_id' does not exist on type 'never'.\r",
        "app/api/costs/export/route.ts(85,34): error TS2339: Property 'name' does not exist on type 'never'.\r",
        "app/api/costs/import/route.ts(168,15): error TS2769: No overload matches this call.\r",
        "app/api/costs/kpis/route.ts(104,7): error TS2698: Spread types may only be created from object types.\r",
        "app/api/costs/kpis/route.ts(106,30): error TS2339: Property 'budgeted_amount' does not exist on type 'never'.\r",
        "app/api/costs/kpis/route.ts(107,28): error TS2339: Property 'actual_amount' does not exist on type 'never'.\r",
        "app/api/costs/kpis/route.ts(108,38): error TS2339: Property 'variance_percent' does not exist on type 'never'.\r",
        "app/api/costs/kpis/route.ts(109,40): error TS2339: Property 'actual_amount' does not exist on type 'never'.\r",
        "app/api/costs/kpis/route.ts(109,74): error TS2339: Property 'budgeted_amount' does not exist on type 'never'.\r"
      ]
    },
    {
      "type": "api_error_handling",
      "file": "app\\api\\auth\\csrf\\route.ts",
      "issue": "Rota sem tratamento de erros (try/catch)"
    },
    {
      "type": "missing_utility",
      "file": "supabase-service-role.ts",
      "issue": "Arquivo utilitário crítico não encontrado: supabase-service-role.ts"
    }
  ],
  "summary": {
    "totalIssues": 3,
    "byType": {
      "typescript_error": 1,
      "api_error_handling": 1,
      "missing_utility": 1
    }
  }
}